2024-07-22T15:34:45.286-04:00  INFO 7116 --- [restartedMain] c.yano.smartshop.SmartshopApplication    : Starting SmartshopApplication using Java 21.0.4 with PID 7116 (E:\canada\dev\smartshop\target\classes started by cedrick in E:\canada\dev\smartshop)
2024-07-22T15:34:45.293-04:00  INFO 7116 --- [restartedMain] c.yano.smartshop.SmartshopApplication    : No active profile set, falling back to 1 default profile: "default"
2024-07-22T15:34:45.404-04:00  INFO 7116 --- [restartedMain] .e.DevToolsPropertyDefaultsPostProcessor : Devtools property defaults active! Set 'spring.devtools.add-properties' to 'false' to disable
2024-07-22T15:34:45.406-04:00  INFO 7116 --- [restartedMain] .e.DevToolsPropertyDefaultsPostProcessor : For additional web related logging consider setting the 'logging.level.web' property to 'DEBUG'
2024-07-22T15:34:49.630-04:00  INFO 7116 --- [restartedMain] .s.d.r.c.RepositoryConfigurationDelegate : Multiple Spring Data modules found, entering strict repository configuration mode
2024-07-22T15:34:49.655-04:00  INFO 7116 --- [restartedMain] .s.d.r.c.RepositoryConfigurationDelegate : Bootstrapping Spring Data JDBC repositories in DEFAULT mode.
2024-07-22T15:34:49.761-04:00  INFO 7116 --- [restartedMain] .RepositoryConfigurationExtensionSupport : Spring Data JDBC - Could not safely identify store assignment for repository candidate interface com.yano.smartshop.repository.AppUserRepository; If you want this repository to be a JDBC repository, consider annotating your entities with one of these annotations: org.springframework.data.relational.core.mapping.Table.
2024-07-22T15:34:49.774-04:00  INFO 7116 --- [restartedMain] .RepositoryConfigurationExtensionSupport : Spring Data JDBC - Could not safely identify store assignment for repository candidate interface com.yano.smartshop.repository.ProductRepository; If you want this repository to be a JDBC repository, consider annotating your entities with one of these annotations: org.springframework.data.relational.core.mapping.Table.
2024-07-22T15:34:49.775-04:00  INFO 7116 --- [restartedMain] .s.d.r.c.RepositoryConfigurationDelegate : Finished Spring Data repository scanning in 100 ms. Found 0 JDBC repository interfaces.
2024-07-22T15:34:49.809-04:00  INFO 7116 --- [restartedMain] .s.d.r.c.RepositoryConfigurationDelegate : Multiple Spring Data modules found, entering strict repository configuration mode
2024-07-22T15:34:49.813-04:00  INFO 7116 --- [restartedMain] .s.d.r.c.RepositoryConfigurationDelegate : Bootstrapping Spring Data JPA repositories in DEFAULT mode.
2024-07-22T15:34:49.900-04:00  INFO 7116 --- [restartedMain] .s.d.r.c.RepositoryConfigurationDelegate : Finished Spring Data repository scanning in 71 ms. Found 2 JPA repository interfaces.
2024-07-22T15:34:52.297-04:00  INFO 7116 --- [restartedMain] o.s.b.w.embedded.tomcat.TomcatWebServer  : Tomcat initialized with port 3306 (http)
2024-07-22T15:34:52.330-04:00  INFO 7116 --- [restartedMain] o.apache.catalina.core.StandardService   : Starting service [Tomcat]
2024-07-22T15:34:52.331-04:00  INFO 7116 --- [restartedMain] o.apache.catalina.core.StandardEngine    : Starting Servlet engine: [Apache Tomcat/10.1.26]
2024-07-22T15:34:52.471-04:00  INFO 7116 --- [restartedMain] o.a.c.c.C.[Tomcat].[localhost].[/]       : Initializing Spring embedded WebApplicationContext
2024-07-22T15:34:52.476-04:00  INFO 7116 --- [restartedMain] w.s.c.ServletWebServerApplicationContext : Root WebApplicationContext: initialization completed in 7065 ms
2024-07-22T15:34:54.514-04:00 DEBUG 7116 --- [restartedMain] org.hibernate.type.BasicTypeRegistry     : Adding type registration boolean -> org.hibernate.type.BasicTypeReference@5bab36e9
2024-07-22T15:34:54.524-04:00 DEBUG 7116 --- [restartedMain] org.hibernate.type.BasicTypeRegistry     : Adding type registration boolean -> org.hibernate.type.BasicTypeReference@5bab36e9
2024-07-22T15:34:54.531-04:00 DEBUG 7116 --- [restartedMain] org.hibernate.type.BasicTypeRegistry     : Adding type registration java.lang.Boolean -> org.hibernate.type.BasicTypeReference@5bab36e9
2024-07-22T15:34:54.535-04:00 DEBUG 7116 --- [restartedMain] org.hibernate.type.BasicTypeRegistry     : Adding type registration numeric_boolean -> org.hibernate.type.BasicTypeReference@785154a
2024-07-22T15:34:54.536-04:00 DEBUG 7116 --- [restartedMain] org.hibernate.type.BasicTypeRegistry     : Adding type registration org.hibernate.type.NumericBooleanConverter -> org.hibernate.type.BasicTypeReference@785154a
2024-07-22T15:34:54.538-04:00 DEBUG 7116 --- [restartedMain] org.hibernate.type.BasicTypeRegistry     : Adding type registration true_false -> org.hibernate.type.BasicTypeReference@268140f6
2024-07-22T15:34:54.538-04:00 DEBUG 7116 --- [restartedMain] org.hibernate.type.BasicTypeRegistry     : Adding type registration org.hibernate.type.TrueFalseConverter -> org.hibernate.type.BasicTypeReference@268140f6
2024-07-22T15:34:54.544-04:00 DEBUG 7116 --- [restartedMain] org.hibernate.type.BasicTypeRegistry     : Adding type registration yes_no -> org.hibernate.type.BasicTypeReference@1dbeed65
2024-07-22T15:34:54.561-04:00 DEBUG 7116 --- [restartedMain] org.hibernate.type.BasicTypeRegistry     : Adding type registration org.hibernate.type.YesNoConverter -> org.hibernate.type.BasicTypeReference@1dbeed65
2024-07-22T15:34:54.565-04:00 DEBUG 7116 --- [restartedMain] org.hibernate.type.BasicTypeRegistry     : Adding type registration byte -> org.hibernate.type.BasicTypeReference@6927dcb8
2024-07-22T15:34:54.573-04:00 DEBUG 7116 --- [restartedMain] org.hibernate.type.BasicTypeRegistry     : Adding type registration byte -> org.hibernate.type.BasicTypeReference@6927dcb8
2024-07-22T15:34:54.575-04:00 DEBUG 7116 --- [restartedMain] org.hibernate.type.BasicTypeRegistry     : Adding type registration java.lang.Byte -> org.hibernate.type.BasicTypeReference@6927dcb8
2024-07-22T15:34:54.577-04:00 DEBUG 7116 --- [restartedMain] org.hibernate.type.BasicTypeRegistry     : Adding type registration binary -> org.hibernate.type.BasicTypeReference@46a7ab93
2024-07-22T15:34:54.578-04:00 DEBUG 7116 --- [restartedMain] org.hibernate.type.BasicTypeRegistry     : Adding type registration byte[] -> org.hibernate.type.BasicTypeReference@46a7ab93
2024-07-22T15:34:54.579-04:00 DEBUG 7116 --- [restartedMain] org.hibernate.type.BasicTypeRegistry     : Adding type registration [B -> org.hibernate.type.BasicTypeReference@46a7ab93
2024-07-22T15:34:54.579-04:00 DEBUG 7116 --- [restartedMain] org.hibernate.type.BasicTypeRegistry     : Adding type registration binary_wrapper -> org.hibernate.type.BasicTypeReference@6a0dd541
2024-07-22T15:34:54.583-04:00 DEBUG 7116 --- [restartedMain] org.hibernate.type.BasicTypeRegistry     : Adding type registration wrapper-binary -> org.hibernate.type.BasicTypeReference@6a0dd541
2024-07-22T15:34:54.584-04:00 DEBUG 7116 --- [restartedMain] org.hibernate.type.BasicTypeRegistry     : Adding type registration image -> org.hibernate.type.BasicTypeReference@32c8a0
2024-07-22T15:34:54.589-04:00 DEBUG 7116 --- [restartedMain] org.hibernate.type.BasicTypeRegistry     : Adding type registration blob -> org.hibernate.type.BasicTypeReference@57270602
2024-07-22T15:34:54.592-04:00 DEBUG 7116 --- [restartedMain] org.hibernate.type.BasicTypeRegistry     : Adding type registration java.sql.Blob -> org.hibernate.type.BasicTypeReference@57270602
2024-07-22T15:34:54.592-04:00 DEBUG 7116 --- [restartedMain] org.hibernate.type.BasicTypeRegistry     : Adding type registration materialized_blob -> org.hibernate.type.BasicTypeReference@2ca7c446
2024-07-22T15:34:54.596-04:00 DEBUG 7116 --- [restartedMain] org.hibernate.type.BasicTypeRegistry     : Adding type registration materialized_blob_wrapper -> org.hibernate.type.BasicTypeReference@2804bb4e
2024-07-22T15:34:54.599-04:00 DEBUG 7116 --- [restartedMain] org.hibernate.type.BasicTypeRegistry     : Adding type registration short -> org.hibernate.type.BasicTypeReference@3e650126
2024-07-22T15:34:54.603-04:00 DEBUG 7116 --- [restartedMain] org.hibernate.type.BasicTypeRegistry     : Adding type registration short -> org.hibernate.type.BasicTypeReference@3e650126
2024-07-22T15:34:54.604-04:00 DEBUG 7116 --- [restartedMain] org.hibernate.type.BasicTypeRegistry     : Adding type registration java.lang.Short -> org.hibernate.type.BasicTypeReference@3e650126
2024-07-22T15:34:54.604-04:00 DEBUG 7116 --- [restartedMain] org.hibernate.type.BasicTypeRegistry     : Adding type registration integer -> org.hibernate.type.BasicTypeReference@511d07fe
2024-07-22T15:34:54.605-04:00 DEBUG 7116 --- [restartedMain] org.hibernate.type.BasicTypeRegistry     : Adding type registration int -> org.hibernate.type.BasicTypeReference@511d07fe
2024-07-22T15:34:54.605-04:00 DEBUG 7116 --- [restartedMain] org.hibernate.type.BasicTypeRegistry     : Adding type registration java.lang.Integer -> org.hibernate.type.BasicTypeReference@511d07fe
2024-07-22T15:34:54.606-04:00 DEBUG 7116 --- [restartedMain] org.hibernate.type.BasicTypeRegistry     : Adding type registration long -> org.hibernate.type.BasicTypeReference@438a7c6f
2024-07-22T15:34:54.609-04:00 DEBUG 7116 --- [restartedMain] org.hibernate.type.BasicTypeRegistry     : Adding type registration long -> org.hibernate.type.BasicTypeReference@438a7c6f
2024-07-22T15:34:54.613-04:00 DEBUG 7116 --- [restartedMain] org.hibernate.type.BasicTypeRegistry     : Adding type registration java.lang.Long -> org.hibernate.type.BasicTypeReference@438a7c6f
2024-07-22T15:34:54.615-04:00 DEBUG 7116 --- [restartedMain] org.hibernate.type.BasicTypeRegistry     : Adding type registration float -> org.hibernate.type.BasicTypeReference@4e59619b
2024-07-22T15:34:54.616-04:00 DEBUG 7116 --- [restartedMain] org.hibernate.type.BasicTypeRegistry     : Adding type registration float -> org.hibernate.type.BasicTypeReference@4e59619b
2024-07-22T15:34:54.617-04:00 DEBUG 7116 --- [restartedMain] org.hibernate.type.BasicTypeRegistry     : Adding type registration java.lang.Float -> org.hibernate.type.BasicTypeReference@4e59619b
2024-07-22T15:34:54.619-04:00 DEBUG 7116 --- [restartedMain] org.hibernate.type.BasicTypeRegistry     : Adding type registration double -> org.hibernate.type.BasicTypeReference@58233547
2024-07-22T15:34:54.624-04:00 DEBUG 7116 --- [restartedMain] org.hibernate.type.BasicTypeRegistry     : Adding type registration double -> org.hibernate.type.BasicTypeReference@58233547
2024-07-22T15:34:54.628-04:00 DEBUG 7116 --- [restartedMain] org.hibernate.type.BasicTypeRegistry     : Adding type registration java.lang.Double -> org.hibernate.type.BasicTypeReference@58233547
2024-07-22T15:34:54.630-04:00 DEBUG 7116 --- [restartedMain] org.hibernate.type.BasicTypeRegistry     : Adding type registration big_integer -> org.hibernate.type.BasicTypeReference@61b8eb4a
2024-07-22T15:34:54.631-04:00 DEBUG 7116 --- [restartedMain] org.hibernate.type.BasicTypeRegistry     : Adding type registration java.math.BigInteger -> org.hibernate.type.BasicTypeReference@61b8eb4a
2024-07-22T15:34:54.631-04:00 DEBUG 7116 --- [restartedMain] org.hibernate.type.BasicTypeRegistry     : Adding type registration big_decimal -> org.hibernate.type.BasicTypeReference@71c19a16
2024-07-22T15:34:54.632-04:00 DEBUG 7116 --- [restartedMain] org.hibernate.type.BasicTypeRegistry     : Adding type registration java.math.BigDecimal -> org.hibernate.type.BasicTypeReference@71c19a16
2024-07-22T15:34:54.632-04:00 DEBUG 7116 --- [restartedMain] org.hibernate.type.BasicTypeRegistry     : Adding type registration character -> org.hibernate.type.BasicTypeReference@7411680c
2024-07-22T15:34:54.632-04:00 DEBUG 7116 --- [restartedMain] org.hibernate.type.BasicTypeRegistry     : Adding type registration char -> org.hibernate.type.BasicTypeReference@7411680c
2024-07-22T15:34:54.633-04:00 DEBUG 7116 --- [restartedMain] org.hibernate.type.BasicTypeRegistry     : Adding type registration java.lang.Character -> org.hibernate.type.BasicTypeReference@7411680c
2024-07-22T15:34:54.637-04:00 DEBUG 7116 --- [restartedMain] org.hibernate.type.BasicTypeRegistry     : Adding type registration character_nchar -> org.hibernate.type.BasicTypeReference@35d9e2c4
2024-07-22T15:34:54.638-04:00 DEBUG 7116 --- [restartedMain] org.hibernate.type.BasicTypeRegistry     : Adding type registration string -> org.hibernate.type.BasicTypeReference@131dbd8e
2024-07-22T15:34:54.646-04:00 DEBUG 7116 --- [restartedMain] org.hibernate.type.BasicTypeRegistry     : Adding type registration java.lang.String -> org.hibernate.type.BasicTypeReference@131dbd8e
2024-07-22T15:34:54.651-04:00 DEBUG 7116 --- [restartedMain] org.hibernate.type.BasicTypeRegistry     : Adding type registration nstring -> org.hibernate.type.BasicTypeReference@6ef184d1
2024-07-22T15:34:54.652-04:00 DEBUG 7116 --- [restartedMain] org.hibernate.type.BasicTypeRegistry     : Adding type registration characters -> org.hibernate.type.BasicTypeReference@115fc00b
2024-07-22T15:34:54.654-04:00 DEBUG 7116 --- [restartedMain] org.hibernate.type.BasicTypeRegistry     : Adding type registration char[] -> org.hibernate.type.BasicTypeReference@115fc00b
2024-07-22T15:34:54.655-04:00 DEBUG 7116 --- [restartedMain] org.hibernate.type.BasicTypeRegistry     : Adding type registration [C -> org.hibernate.type.BasicTypeReference@115fc00b
2024-07-22T15:34:54.655-04:00 DEBUG 7116 --- [restartedMain] org.hibernate.type.BasicTypeRegistry     : Adding type registration wrapper-characters -> org.hibernate.type.BasicTypeReference@6b6acf26
2024-07-22T15:34:54.657-04:00 DEBUG 7116 --- [restartedMain] org.hibernate.type.BasicTypeRegistry     : Adding type registration text -> org.hibernate.type.BasicTypeReference@1565ee08
2024-07-22T15:34:54.661-04:00 DEBUG 7116 --- [restartedMain] org.hibernate.type.BasicTypeRegistry     : Adding type registration ntext -> org.hibernate.type.BasicTypeReference@77d03779
2024-07-22T15:34:54.662-04:00 DEBUG 7116 --- [restartedMain] org.hibernate.type.BasicTypeRegistry     : Adding type registration clob -> org.hibernate.type.BasicTypeReference@1860fe10
2024-07-22T15:34:54.663-04:00 DEBUG 7116 --- [restartedMain] org.hibernate.type.BasicTypeRegistry     : Adding type registration java.sql.Clob -> org.hibernate.type.BasicTypeReference@1860fe10
2024-07-22T15:34:54.664-04:00 DEBUG 7116 --- [restartedMain] org.hibernate.type.BasicTypeRegistry     : Adding type registration nclob -> org.hibernate.type.BasicTypeReference@25ce01c5
2024-07-22T15:34:54.665-04:00 DEBUG 7116 --- [restartedMain] org.hibernate.type.BasicTypeRegistry     : Adding type registration java.sql.NClob -> org.hibernate.type.BasicTypeReference@25ce01c5
2024-07-22T15:34:54.666-04:00 DEBUG 7116 --- [restartedMain] org.hibernate.type.BasicTypeRegistry     : Adding type registration materialized_clob -> org.hibernate.type.BasicTypeReference@1fe1beda
2024-07-22T15:34:54.668-04:00 DEBUG 7116 --- [restartedMain] org.hibernate.type.BasicTypeRegistry     : Adding type registration materialized_clob_char_array -> org.hibernate.type.BasicTypeReference@697c29a0
2024-07-22T15:34:54.671-04:00 DEBUG 7116 --- [restartedMain] org.hibernate.type.BasicTypeRegistry     : Adding type registration materialized_clob_character_array -> org.hibernate.type.BasicTypeReference@7673dae1
2024-07-22T15:34:54.672-04:00 DEBUG 7116 --- [restartedMain] org.hibernate.type.BasicTypeRegistry     : Adding type registration materialized_nclob -> org.hibernate.type.BasicTypeReference@23e63dc3
2024-07-22T15:34:54.674-04:00 DEBUG 7116 --- [restartedMain] org.hibernate.type.BasicTypeRegistry     : Adding type registration materialized_nclob_character_array -> org.hibernate.type.BasicTypeReference@31e3400b
2024-07-22T15:34:54.676-04:00 DEBUG 7116 --- [restartedMain] org.hibernate.type.BasicTypeRegistry     : Adding type registration materialized_nclob_char_array -> org.hibernate.type.BasicTypeReference@39da5ebe
2024-07-22T15:34:54.676-04:00 DEBUG 7116 --- [restartedMain] org.hibernate.type.BasicTypeRegistry     : Adding type registration Duration -> org.hibernate.type.BasicTypeReference@51962fb6
2024-07-22T15:34:54.677-04:00 DEBUG 7116 --- [restartedMain] org.hibernate.type.BasicTypeRegistry     : Adding type registration java.time.Duration -> org.hibernate.type.BasicTypeReference@51962fb6
2024-07-22T15:34:54.677-04:00 DEBUG 7116 --- [restartedMain] org.hibernate.type.BasicTypeRegistry     : Adding type registration LocalDateTime -> org.hibernate.type.BasicTypeReference@438c1862
2024-07-22T15:34:54.683-04:00 DEBUG 7116 --- [restartedMain] org.hibernate.type.BasicTypeRegistry     : Adding type registration java.time.LocalDateTime -> org.hibernate.type.BasicTypeReference@438c1862
2024-07-22T15:34:54.684-04:00 DEBUG 7116 --- [restartedMain] org.hibernate.type.BasicTypeRegistry     : Adding type registration LocalDate -> org.hibernate.type.BasicTypeReference@6844fb00
2024-07-22T15:34:54.684-04:00 DEBUG 7116 --- [restartedMain] org.hibernate.type.BasicTypeRegistry     : Adding type registration java.time.LocalDate -> org.hibernate.type.BasicTypeReference@6844fb00
2024-07-22T15:34:54.684-04:00 DEBUG 7116 --- [restartedMain] org.hibernate.type.BasicTypeRegistry     : Adding type registration LocalTime -> org.hibernate.type.BasicTypeReference@3806718
2024-07-22T15:34:54.685-04:00 DEBUG 7116 --- [restartedMain] org.hibernate.type.BasicTypeRegistry     : Adding type registration java.time.LocalTime -> org.hibernate.type.BasicTypeReference@3806718
2024-07-22T15:34:54.687-04:00 DEBUG 7116 --- [restartedMain] org.hibernate.type.BasicTypeRegistry     : Adding type registration OffsetDateTime -> org.hibernate.type.BasicTypeReference@630b1341
2024-07-22T15:34:54.688-04:00 DEBUG 7116 --- [restartedMain] org.hibernate.type.BasicTypeRegistry     : Adding type registration java.time.OffsetDateTime -> org.hibernate.type.BasicTypeReference@630b1341
2024-07-22T15:34:54.689-04:00 DEBUG 7116 --- [restartedMain] org.hibernate.type.BasicTypeRegistry     : Adding type registration OffsetDateTimeWithTimezone -> org.hibernate.type.BasicTypeReference@40e7584a
2024-07-22T15:34:54.690-04:00 DEBUG 7116 --- [restartedMain] org.hibernate.type.BasicTypeRegistry     : Adding type registration OffsetDateTimeWithoutTimezone -> org.hibernate.type.BasicTypeReference@fb427ad
2024-07-22T15:34:54.692-04:00 DEBUG 7116 --- [restartedMain] org.hibernate.type.BasicTypeRegistry     : Adding type registration OffsetTime -> org.hibernate.type.BasicTypeReference@f0c39e4
2024-07-22T15:34:54.693-04:00 DEBUG 7116 --- [restartedMain] org.hibernate.type.BasicTypeRegistry     : Adding type registration java.time.OffsetTime -> org.hibernate.type.BasicTypeReference@f0c39e4
2024-07-22T15:34:54.696-04:00 DEBUG 7116 --- [restartedMain] org.hibernate.type.BasicTypeRegistry     : Adding type registration OffsetTimeUtc -> org.hibernate.type.BasicTypeReference@34a6b25f
2024-07-22T15:34:54.696-04:00 DEBUG 7116 --- [restartedMain] org.hibernate.type.BasicTypeRegistry     : Adding type registration OffsetTimeWithTimezone -> org.hibernate.type.BasicTypeReference@4e799989
2024-07-22T15:34:54.697-04:00 DEBUG 7116 --- [restartedMain] org.hibernate.type.BasicTypeRegistry     : Adding type registration OffsetTimeWithoutTimezone -> org.hibernate.type.BasicTypeReference@605e46a4
2024-07-22T15:34:54.697-04:00 DEBUG 7116 --- [restartedMain] org.hibernate.type.BasicTypeRegistry     : Adding type registration ZonedDateTime -> org.hibernate.type.BasicTypeReference@ef39052
2024-07-22T15:34:54.698-04:00 DEBUG 7116 --- [restartedMain] org.hibernate.type.BasicTypeRegistry     : Adding type registration java.time.ZonedDateTime -> org.hibernate.type.BasicTypeReference@ef39052
2024-07-22T15:34:54.698-04:00 DEBUG 7116 --- [restartedMain] org.hibernate.type.BasicTypeRegistry     : Adding type registration ZonedDateTimeWithTimezone -> org.hibernate.type.BasicTypeReference@fc6ef99
2024-07-22T15:34:54.698-04:00 DEBUG 7116 --- [restartedMain] org.hibernate.type.BasicTypeRegistry     : Adding type registration ZonedDateTimeWithoutTimezone -> org.hibernate.type.BasicTypeReference@d718a39
2024-07-22T15:34:54.700-04:00 DEBUG 7116 --- [restartedMain] org.hibernate.type.BasicTypeRegistry     : Adding type registration date -> org.hibernate.type.BasicTypeReference@1f888655
2024-07-22T15:34:54.701-04:00 DEBUG 7116 --- [restartedMain] org.hibernate.type.BasicTypeRegistry     : Adding type registration java.sql.Date -> org.hibernate.type.BasicTypeReference@1f888655
2024-07-22T15:34:54.702-04:00 DEBUG 7116 --- [restartedMain] org.hibernate.type.BasicTypeRegistry     : Adding type registration time -> org.hibernate.type.BasicTypeReference@d6be4f6
2024-07-22T15:34:54.704-04:00 DEBUG 7116 --- [restartedMain] org.hibernate.type.BasicTypeRegistry     : Adding type registration java.sql.Time -> org.hibernate.type.BasicTypeReference@d6be4f6
2024-07-22T15:34:54.705-04:00 DEBUG 7116 --- [restartedMain] org.hibernate.type.BasicTypeRegistry     : Adding type registration timestamp -> org.hibernate.type.BasicTypeReference@35e978e5
2024-07-22T15:34:54.707-04:00 DEBUG 7116 --- [restartedMain] org.hibernate.type.BasicTypeRegistry     : Adding type registration java.sql.Timestamp -> org.hibernate.type.BasicTypeReference@35e978e5
2024-07-22T15:34:54.708-04:00 DEBUG 7116 --- [restartedMain] org.hibernate.type.BasicTypeRegistry     : Adding type registration java.util.Date -> org.hibernate.type.BasicTypeReference@35e978e5
2024-07-22T15:34:54.709-04:00 DEBUG 7116 --- [restartedMain] org.hibernate.type.BasicTypeRegistry     : Adding type registration calendar -> org.hibernate.type.BasicTypeReference@34481c23
2024-07-22T15:34:54.710-04:00 DEBUG 7116 --- [restartedMain] org.hibernate.type.BasicTypeRegistry     : Adding type registration java.util.Calendar -> org.hibernate.type.BasicTypeReference@34481c23
2024-07-22T15:34:54.710-04:00 DEBUG 7116 --- [restartedMain] org.hibernate.type.BasicTypeRegistry     : Adding type registration java.util.GregorianCalendar -> org.hibernate.type.BasicTypeReference@34481c23
2024-07-22T15:34:54.711-04:00 DEBUG 7116 --- [restartedMain] org.hibernate.type.BasicTypeRegistry     : Adding type registration calendar_date -> org.hibernate.type.BasicTypeReference@6f299ed1
2024-07-22T15:34:54.711-04:00 DEBUG 7116 --- [restartedMain] org.hibernate.type.BasicTypeRegistry     : Adding type registration calendar_time -> org.hibernate.type.BasicTypeReference@3d378b96
2024-07-22T15:34:54.711-04:00 DEBUG 7116 --- [restartedMain] org.hibernate.type.BasicTypeRegistry     : Adding type registration instant -> org.hibernate.type.BasicTypeReference@4367f285
2024-07-22T15:34:54.712-04:00 DEBUG 7116 --- [restartedMain] org.hibernate.type.BasicTypeRegistry     : Adding type registration java.time.Instant -> org.hibernate.type.BasicTypeReference@4367f285
2024-07-22T15:34:54.712-04:00 DEBUG 7116 --- [restartedMain] org.hibernate.type.BasicTypeRegistry     : Adding type registration uuid -> org.hibernate.type.BasicTypeReference@373a57ce
2024-07-22T15:34:54.716-04:00 DEBUG 7116 --- [restartedMain] org.hibernate.type.BasicTypeRegistry     : Adding type registration java.util.UUID -> org.hibernate.type.BasicTypeReference@373a57ce
2024-07-22T15:34:54.716-04:00 DEBUG 7116 --- [restartedMain] org.hibernate.type.BasicTypeRegistry     : Adding type registration pg-uuid -> org.hibernate.type.BasicTypeReference@373a57ce
2024-07-22T15:34:54.724-04:00 DEBUG 7116 --- [restartedMain] org.hibernate.type.BasicTypeRegistry     : Adding type registration uuid-binary -> org.hibernate.type.BasicTypeReference@14c688ee
2024-07-22T15:34:54.729-04:00 DEBUG 7116 --- [restartedMain] org.hibernate.type.BasicTypeRegistry     : Adding type registration uuid-char -> org.hibernate.type.BasicTypeReference@152ccadb
2024-07-22T15:34:54.730-04:00 DEBUG 7116 --- [restartedMain] org.hibernate.type.BasicTypeRegistry     : Adding type registration class -> org.hibernate.type.BasicTypeReference@69a3e121
2024-07-22T15:34:54.730-04:00 DEBUG 7116 --- [restartedMain] org.hibernate.type.BasicTypeRegistry     : Adding type registration java.lang.Class -> org.hibernate.type.BasicTypeReference@69a3e121
2024-07-22T15:34:54.734-04:00 DEBUG 7116 --- [restartedMain] org.hibernate.type.BasicTypeRegistry     : Adding type registration currency -> org.hibernate.type.BasicTypeReference@c424ffc
2024-07-22T15:34:54.737-04:00 DEBUG 7116 --- [restartedMain] org.hibernate.type.BasicTypeRegistry     : Adding type registration Currency -> org.hibernate.type.BasicTypeReference@c424ffc
2024-07-22T15:34:54.738-04:00 DEBUG 7116 --- [restartedMain] org.hibernate.type.BasicTypeRegistry     : Adding type registration java.util.Currency -> org.hibernate.type.BasicTypeReference@c424ffc
2024-07-22T15:34:54.744-04:00 DEBUG 7116 --- [restartedMain] org.hibernate.type.BasicTypeRegistry     : Adding type registration locale -> org.hibernate.type.BasicTypeReference@2c633762
2024-07-22T15:34:54.748-04:00 DEBUG 7116 --- [restartedMain] org.hibernate.type.BasicTypeRegistry     : Adding type registration java.util.Locale -> org.hibernate.type.BasicTypeReference@2c633762
2024-07-22T15:34:54.751-04:00 DEBUG 7116 --- [restartedMain] org.hibernate.type.BasicTypeRegistry     : Adding type registration serializable -> org.hibernate.type.BasicTypeReference@5f6a4a27
2024-07-22T15:34:54.752-04:00 DEBUG 7116 --- [restartedMain] org.hibernate.type.BasicTypeRegistry     : Adding type registration java.io.Serializable -> org.hibernate.type.BasicTypeReference@5f6a4a27
2024-07-22T15:34:54.754-04:00 DEBUG 7116 --- [restartedMain] org.hibernate.type.BasicTypeRegistry     : Adding type registration timezone -> org.hibernate.type.BasicTypeReference@29b61202
2024-07-22T15:34:54.755-04:00 DEBUG 7116 --- [restartedMain] org.hibernate.type.BasicTypeRegistry     : Adding type registration java.util.TimeZone -> org.hibernate.type.BasicTypeReference@29b61202
2024-07-22T15:34:54.756-04:00 DEBUG 7116 --- [restartedMain] org.hibernate.type.BasicTypeRegistry     : Adding type registration ZoneOffset -> org.hibernate.type.BasicTypeReference@37959567
2024-07-22T15:34:54.756-04:00 DEBUG 7116 --- [restartedMain] org.hibernate.type.BasicTypeRegistry     : Adding type registration java.time.ZoneOffset -> org.hibernate.type.BasicTypeReference@37959567
2024-07-22T15:34:54.757-04:00 DEBUG 7116 --- [restartedMain] org.hibernate.type.BasicTypeRegistry     : Adding type registration url -> org.hibernate.type.BasicTypeReference@2f87cd0
2024-07-22T15:34:54.757-04:00 DEBUG 7116 --- [restartedMain] org.hibernate.type.BasicTypeRegistry     : Adding type registration java.net.URL -> org.hibernate.type.BasicTypeReference@2f87cd0
2024-07-22T15:34:54.758-04:00 DEBUG 7116 --- [restartedMain] org.hibernate.type.BasicTypeRegistry     : Adding type registration vector -> org.hibernate.type.BasicTypeReference@f4e35da
2024-07-22T15:34:54.758-04:00 DEBUG 7116 --- [restartedMain] org.hibernate.type.BasicTypeRegistry     : Adding type registration row_version -> org.hibernate.type.BasicTypeReference@16710033
2024-07-22T15:34:54.771-04:00 DEBUG 7116 --- [restartedMain] org.hibernate.type.BasicTypeRegistry     : Adding type registration object -> org.hibernate.type.JavaObjectType@164f13c4
2024-07-22T15:34:54.772-04:00 DEBUG 7116 --- [restartedMain] org.hibernate.type.BasicTypeRegistry     : Adding type registration java.lang.Object -> org.hibernate.type.JavaObjectType@164f13c4
2024-07-22T15:34:54.776-04:00 DEBUG 7116 --- [restartedMain] org.hibernate.type.BasicTypeRegistry     : Adding type registration null -> org.hibernate.type.NullType@405cf226
2024-07-22T15:34:54.777-04:00 DEBUG 7116 --- [restartedMain] org.hibernate.type.BasicTypeRegistry     : Adding type registration imm_date -> org.hibernate.type.BasicTypeReference@49e5b176
2024-07-22T15:34:54.778-04:00 DEBUG 7116 --- [restartedMain] org.hibernate.type.BasicTypeRegistry     : Adding type registration imm_time -> org.hibernate.type.BasicTypeReference@2b04ccca
2024-07-22T15:34:54.778-04:00 DEBUG 7116 --- [restartedMain] org.hibernate.type.BasicTypeRegistry     : Adding type registration imm_timestamp -> org.hibernate.type.BasicTypeReference@59e43df1
2024-07-22T15:34:54.781-04:00 DEBUG 7116 --- [restartedMain] org.hibernate.type.BasicTypeRegistry     : Adding type registration imm_calendar -> org.hibernate.type.BasicTypeReference@7e8e3929
2024-07-22T15:34:54.782-04:00 DEBUG 7116 --- [restartedMain] org.hibernate.type.BasicTypeRegistry     : Adding type registration imm_calendar_date -> org.hibernate.type.BasicTypeReference@176ba489
2024-07-22T15:34:54.785-04:00 DEBUG 7116 --- [restartedMain] org.hibernate.type.BasicTypeRegistry     : Adding type registration imm_calendar_time -> org.hibernate.type.BasicTypeReference@6f181820
2024-07-22T15:34:54.787-04:00 DEBUG 7116 --- [restartedMain] org.hibernate.type.BasicTypeRegistry     : Adding type registration imm_binary -> org.hibernate.type.BasicTypeReference@60d0239b
2024-07-22T15:34:54.788-04:00 DEBUG 7116 --- [restartedMain] org.hibernate.type.BasicTypeRegistry     : Adding type registration imm_serializable -> org.hibernate.type.BasicTypeReference@58a0c63f
2024-07-22T15:34:55.445-04:00  INFO 7116 --- [restartedMain] o.s.o.j.p.SpringPersistenceUnitInfo      : No LoadTimeWeaver setup: ignoring JPA class transformer
2024-07-22T15:34:55.507-04:00  INFO 7116 --- [restartedMain] com.zaxxer.hikari.HikariDataSource       : HikariPool-1 - Starting...
2024-07-22T15:34:56.475-04:00  INFO 7116 --- [restartedMain] com.zaxxer.hikari.pool.HikariPool        : HikariPool-1 - Added connection com.mysql.cj.jdbc.ConnectionImpl@3cc4aed4
2024-07-22T15:34:56.478-04:00  INFO 7116 --- [restartedMain] com.zaxxer.hikari.HikariDataSource       : HikariPool-1 - Start completed.
2024-07-22T15:34:56.846-04:00 DEBUG 7116 --- [restartedMain] o.h.t.d.sql.spi.DdlTypeRegistry          : addDescriptor(12, org.hibernate.type.descriptor.sql.internal.CapacityDependentDdlType@646c0858) replaced previous registration(org.hibernate.type.descriptor.sql.internal.CapacityDependentDdlType@2f206df7)
2024-07-22T15:34:56.877-04:00 DEBUG 7116 --- [restartedMain] o.h.t.d.sql.spi.DdlTypeRegistry          : addDescriptor(-9, org.hibernate.type.descriptor.sql.internal.CapacityDependentDdlType@1a296344) replaced previous registration(org.hibernate.type.descriptor.sql.internal.CapacityDependentDdlType@1dd17571)
2024-07-22T15:34:56.892-04:00 DEBUG 7116 --- [restartedMain] o.h.t.d.sql.spi.DdlTypeRegistry          : addDescriptor(-3, org.hibernate.type.descriptor.sql.internal.CapacityDependentDdlType@197b805b) replaced previous registration(org.hibernate.type.descriptor.sql.internal.CapacityDependentDdlType@35981956)
2024-07-22T15:34:56.900-04:00 DEBUG 7116 --- [restartedMain] o.h.t.d.sql.spi.DdlTypeRegistry          : addDescriptor(4003, org.hibernate.type.descriptor.sql.internal.DdlTypeImpl@64fa7fe2) replaced previous registration(org.hibernate.type.descriptor.sql.internal.DdlTypeImpl@7296e4f1)
2024-07-22T15:34:56.904-04:00 DEBUG 7116 --- [restartedMain] o.h.t.d.sql.spi.DdlTypeRegistry          : addDescriptor(4001, org.hibernate.type.descriptor.sql.internal.DdlTypeImpl@372adba0) replaced previous registration(org.hibernate.type.descriptor.sql.internal.DdlTypeImpl@420d26ba)
2024-07-22T15:34:56.907-04:00 DEBUG 7116 --- [restartedMain] o.h.t.d.sql.spi.DdlTypeRegistry          : addDescriptor(4002, org.hibernate.type.descriptor.sql.internal.DdlTypeImpl@753f4476) replaced previous registration(org.hibernate.type.descriptor.sql.internal.DdlTypeImpl@30cb974c)
2024-07-22T15:34:56.913-04:00 DEBUG 7116 --- [restartedMain] o.h.t.d.sql.spi.DdlTypeRegistry          : addDescriptor(2004, org.hibernate.type.descriptor.sql.internal.CapacityDependentDdlType@515dbd2e) replaced previous registration(org.hibernate.type.descriptor.sql.internal.DdlTypeImpl@7a4e7949)
2024-07-22T15:34:56.919-04:00 DEBUG 7116 --- [restartedMain] o.h.t.d.sql.spi.DdlTypeRegistry          : addDescriptor(2005, org.hibernate.type.descriptor.sql.internal.CapacityDependentDdlType@75dd9e82) replaced previous registration(org.hibernate.type.descriptor.sql.internal.DdlTypeImpl@19c00682)
2024-07-22T15:34:56.924-04:00 DEBUG 7116 --- [restartedMain] o.h.t.d.sql.spi.DdlTypeRegistry          : addDescriptor(2011, org.hibernate.type.descriptor.sql.internal.CapacityDependentDdlType@25c86c59) replaced previous registration(org.hibernate.type.descriptor.sql.internal.DdlTypeImpl@2c45dd98)
2024-07-22T15:34:56.935-04:00 DEBUG 7116 --- [restartedMain] o.h.t.d.jdbc.spi.JdbcTypeRegistry        : addDescriptor(NCharTypeDescriptor) replaced previous registration(CharTypeDescriptor)
2024-07-22T15:34:56.937-04:00 DEBUG 7116 --- [restartedMain] o.h.t.d.jdbc.spi.JdbcTypeRegistry        : addDescriptor(NVarcharTypeDescriptor) replaced previous registration(VarcharTypeDescriptor)
2024-07-22T15:34:56.938-04:00 DEBUG 7116 --- [restartedMain] o.h.t.d.jdbc.spi.JdbcTypeRegistry        : addDescriptor(LongNVarcharTypeDescriptor) replaced previous registration(LongVarcharTypeDescriptor)
2024-07-22T15:34:56.945-04:00 DEBUG 7116 --- [restartedMain] o.h.t.d.jdbc.spi.JdbcTypeRegistry        : addDescriptor(NClobTypeDescriptor(DEFAULT)) replaced previous registration(ClobTypeDescriptor(DEFAULT))
2024-07-22T15:34:56.950-04:00 DEBUG 7116 --- [restartedMain] o.h.t.d.jdbc.spi.JdbcTypeRegistry        : addDescriptor(2005, ClobTypeDescriptor(STREAM_BINDING)) replaced previous registration(ClobTypeDescriptor(DEFAULT))
2024-07-22T15:34:56.962-04:00 DEBUG 7116 --- [restartedMain] org.hibernate.type.BasicTypeRegistry     : Adding type registration null -> org.hibernate.type.NullType@47c66933
2024-07-22T15:34:56.963-04:00 DEBUG 7116 --- [restartedMain] org.hibernate.type.BasicTypeRegistry     : Type registration key [null] overrode previous entry : `org.hibernate.type.NullType@405cf226`
2024-07-22T15:34:56.973-04:00 DEBUG 7116 --- [restartedMain] org.hibernate.type.BasicTypeRegistry     : Adding type registration org.hibernate.type.DurationType -> basicType@1(java.time.Duration,3015)
2024-07-22T15:34:56.977-04:00 DEBUG 7116 --- [restartedMain] org.hibernate.type.BasicTypeRegistry     : Adding type registration Duration -> basicType@1(java.time.Duration,3015)
2024-07-22T15:34:56.979-04:00 DEBUG 7116 --- [restartedMain] org.hibernate.type.BasicTypeRegistry     : Adding type registration java.time.Duration -> basicType@1(java.time.Duration,3015)
2024-07-22T15:34:56.986-04:00 DEBUG 7116 --- [restartedMain] org.hibernate.type.BasicTypeRegistry     : Adding type registration org.hibernate.type.OffsetDateTimeType -> basicType@2(java.time.OffsetDateTime,3003)
2024-07-22T15:34:56.987-04:00 DEBUG 7116 --- [restartedMain] org.hibernate.type.BasicTypeRegistry     : Adding type registration OffsetDateTime -> basicType@2(java.time.OffsetDateTime,3003)
2024-07-22T15:34:56.988-04:00 DEBUG 7116 --- [restartedMain] org.hibernate.type.BasicTypeRegistry     : Adding type registration java.time.OffsetDateTime -> basicType@2(java.time.OffsetDateTime,3003)
2024-07-22T15:34:56.989-04:00 DEBUG 7116 --- [restartedMain] org.hibernate.type.BasicTypeRegistry     : Adding type registration org.hibernate.type.ZonedDateTimeType -> basicType@3(java.time.ZonedDateTime,3003)
2024-07-22T15:34:56.990-04:00 DEBUG 7116 --- [restartedMain] org.hibernate.type.BasicTypeRegistry     : Adding type registration ZonedDateTime -> basicType@3(java.time.ZonedDateTime,3003)
2024-07-22T15:34:56.992-04:00 DEBUG 7116 --- [restartedMain] org.hibernate.type.BasicTypeRegistry     : Adding type registration java.time.ZonedDateTime -> basicType@3(java.time.ZonedDateTime,3003)
2024-07-22T15:34:56.995-04:00 DEBUG 7116 --- [restartedMain] org.hibernate.type.BasicTypeRegistry     : Adding type registration org.hibernate.type.OffsetTimeType -> basicType@4(java.time.OffsetTime,3007)
2024-07-22T15:34:56.996-04:00 DEBUG 7116 --- [restartedMain] org.hibernate.type.BasicTypeRegistry     : Adding type registration OffsetTime -> basicType@4(java.time.OffsetTime,3007)
2024-07-22T15:34:56.996-04:00 DEBUG 7116 --- [restartedMain] org.hibernate.type.BasicTypeRegistry     : Adding type registration java.time.OffsetTime -> basicType@4(java.time.OffsetTime,3007)
2024-07-22T15:34:56.998-04:00 DEBUG 7116 --- [restartedMain] o.h.type.spi.TypeConfiguration$Scope     : Scoping TypeConfiguration [org.hibernate.type.spi.TypeConfiguration@b3e91b7] to MetadataBuildingContext [org.hibernate.boot.internal.MetadataBuildingContextRootImpl@65b297a6]
2024-07-22T15:34:58.829-04:00 DEBUG 7116 --- [restartedMain] o.h.type.spi.TypeConfiguration$Scope     : Scoping TypeConfiguration [org.hibernate.type.spi.TypeConfiguration@b3e91b7] to SessionFactoryImplementor [org.hibernate.internal.SessionFactoryImpl@1b1cb32e]
2024-07-22T15:34:59.511-04:00 TRACE 7116 --- [restartedMain] o.h.type.spi.TypeConfiguration$Scope     : Handling #sessionFactoryCreated from [org.hibernate.internal.SessionFactoryImpl@1b1cb32e] for TypeConfiguration
2024-07-22T15:34:59.513-04:00  INFO 7116 --- [restartedMain] j.LocalContainerEntityManagerFactoryBean : Initialized JPA EntityManagerFactory for persistence unit 'default'
2024-07-22T15:35:00.947-04:00 DEBUG 7116 --- [restartedMain] o.s.w.f.ServerHttpObservationFilter      : Filter 'webMvcObservationFilter' configured for use
2024-07-22T15:35:02.200-04:00  INFO 7116 --- [restartedMain] eAuthenticationProviderManagerConfigurer : Global AuthenticationManager configured with AuthenticationProvider bean with name authenticationProvider
2024-07-22T15:35:02.210-04:00  WARN 7116 --- [restartedMain] r$InitializeUserDetailsManagerConfigurer : Global AuthenticationManager configured with an AuthenticationProvider bean. UserDetailsService beans will not be used for username/password login. Consider removing the AuthenticationProvider bean. Alternatively, consider using the UserDetailsService in a manually instantiated DaoAuthenticationProvider.
2024-07-22T15:35:02.548-04:00  WARN 7116 --- [restartedMain] JpaBaseConfiguration$JpaWebConfiguration : spring.jpa.open-in-view is enabled by default. Therefore, database queries may be performed during view rendering. Explicitly configure spring.jpa.open-in-view to disable this warning
2024-07-22T15:35:03.428-04:00  INFO 7116 --- [restartedMain] o.s.b.a.w.s.WelcomePageHandlerMapping    : Adding welcome page: ServletContext resource [/index.html]
2024-07-22T15:35:03.651-04:00 DEBUG 7116 --- [restartedMain] s.w.s.m.m.a.RequestMappingHandlerMapping : 21 mappings in 'requestMappingHandlerMapping'
2024-07-22T15:35:04.406-04:00 DEBUG 7116 --- [restartedMain] o.s.w.s.handler.SimpleUrlHandlerMapping  : Patterns [/webjars/**, /**] in 'resourceHandlerMapping'
2024-07-22T15:35:05.309-04:00  INFO 7116 --- [restartedMain] o.s.b.a.e.web.EndpointLinksResolver      : Exposing 1 endpoint beneath base path '/actuator'
2024-07-22T15:35:05.925-04:00 DEBUG 7116 --- [restartedMain] s.w.s.m.m.a.RequestMappingHandlerAdapter : ControllerAdvice beans: 0 @ModelAttribute, 0 @InitBinder, 1 RequestBodyAdvice, 1 ResponseBodyAdvice
2024-07-22T15:35:06.026-04:00 DEBUG 7116 --- [restartedMain] .m.m.a.ExceptionHandlerExceptionResolver : ControllerAdvice beans: 0 @ExceptionHandler, 1 ResponseBodyAdvice
2024-07-22T15:35:07.221-04:00  INFO 7116 --- [restartedMain] o.s.b.d.a.OptionalLiveReloadServer       : LiveReload server is running on port 35729
2024-07-22T15:35:07.528-04:00  INFO 7116 --- [restartedMain] o.s.b.w.embedded.tomcat.TomcatWebServer  : Tomcat started on port 3306 (http) with context path '/'
2024-07-22T15:35:07.570-04:00  INFO 7116 --- [restartedMain] c.yano.smartshop.SmartshopApplication    : Started SmartshopApplication in 23.133 seconds (process running for 24.405)
2024-07-22T15:35:09.528-04:00  INFO 7116 --- [RMI TCP Connection(3)-127.0.0.1] o.a.c.c.C.[Tomcat].[localhost].[/]       : Initializing Spring DispatcherServlet 'dispatcherServlet'
2024-07-22T15:35:09.530-04:00  INFO 7116 --- [RMI TCP Connection(3)-127.0.0.1] o.s.web.servlet.DispatcherServlet        : Initializing Servlet 'dispatcherServlet'
2024-07-22T15:35:09.531-04:00 DEBUG 7116 --- [RMI TCP Connection(3)-127.0.0.1] o.s.web.servlet.DispatcherServlet        : Detected StandardServletMultipartResolver
2024-07-22T15:35:09.532-04:00 DEBUG 7116 --- [RMI TCP Connection(3)-127.0.0.1] o.s.web.servlet.DispatcherServlet        : Detected AcceptHeaderLocaleResolver
2024-07-22T15:35:09.532-04:00 DEBUG 7116 --- [RMI TCP Connection(3)-127.0.0.1] o.s.web.servlet.DispatcherServlet        : Detected FixedThemeResolver
2024-07-22T15:35:09.534-04:00 DEBUG 7116 --- [RMI TCP Connection(3)-127.0.0.1] o.s.web.servlet.DispatcherServlet        : Detected org.springframework.web.servlet.view.DefaultRequestToViewNameTranslator@72074417
2024-07-22T15:35:09.536-04:00 DEBUG 7116 --- [RMI TCP Connection(3)-127.0.0.1] o.s.web.servlet.DispatcherServlet        : Detected org.springframework.web.servlet.support.SessionFlashMapManager@6abffcb2
2024-07-22T15:35:09.536-04:00 DEBUG 7116 --- [RMI TCP Connection(3)-127.0.0.1] o.s.web.servlet.DispatcherServlet        : enableLoggingRequestDetails='false': request parameters and headers will be masked to prevent unsafe logging of potentially sensitive data
2024-07-22T15:35:09.537-04:00  INFO 7116 --- [RMI TCP Connection(3)-127.0.0.1] o.s.web.servlet.DispatcherServlet        : Completed initialization in 6 ms
